c:\users\kamil\onedrive\desktop\grafika\gk1_1\wielokat\debug\wielokat.pch
c:\users\kamil\onedrive\desktop\grafika\gk1_1\wielokat\debug\vc141.pdb
c:\users\kamil\onedrive\desktop\grafika\gk1_1\wielokat\debug\vc141.idb
c:\users\kamil\onedrive\desktop\grafika\gk1_1\wielokat\debug\stdafx.obj
c:\users\kamil\onedrive\desktop\grafika\gk1_1\wielokat\debug\wielokat.obj
c:\users\user\source\repos\wielokat\debug\wielokat.exe
c:\users\user\source\repos\wielokat\debug\wielokat.ilk
c:\users\user\source\repos\wielokat\debug\wielokat.pdb
c:\users\user\source\repos\gk1_1\debug\wielokat.ilk
c:\users\user\source\repos\gk1_1\debug\wielokat.exe
c:\users\user\source\repos\gk1_1\debug\wielokat.pdb
c:\users\kamil\onedrive\desktop\grafika\gk1_1\debug\wielokat.ilk
c:\users\kamil\onedrive\desktop\grafika\gk1_1\debug\wielokat.exe
c:\users\kamil\onedrive\desktop\grafika\gk1_1\debug\wielokat.pdb
c:\users\vega\downloads\grafika-master\grafika-master\gk1_1\wielokat\debug\stdafx.obj
c:\users\vega\downloads\grafika-master\grafika-master\gk1_1\wielokat\debug\wielokat.obj
c:\users\vega\downloads\grafika-master\grafika-master\gk1_1\wielokat\debug\wielokat.pch
c:\users\vega\downloads\grafika-master\grafika-master\gk1_1\wielokat\debug\vc141.idb
c:\users\vega\downloads\grafika-master\grafika-master\gk1_1\wielokat\debug\vc141.pdb
c:\users\vega\downloads\grafika-master\grafika-master\gk1_1\debug\wielokat.pdb
c:\users\vega\downloads\grafika-master\grafika-master\gk1_1\debug\wielokat.exe
c:\users\vega\downloads\grafika-master\grafika-master\gk1_1\debug\wielokat.ilk
c:\users\vega\downloads\grafika-master\grafika-master\gk1_1\wielokat\debug\wielokat.tlog\cl.command.1.tlog
c:\users\vega\downloads\grafika-master\grafika-master\gk1_1\wielokat\debug\wielokat.tlog\cl.read.1.tlog
c:\users\vega\downloads\grafika-master\grafika-master\gk1_1\wielokat\debug\wielokat.tlog\cl.write.1.tlog
c:\users\vega\downloads\grafika-master\grafika-master\gk1_1\wielokat\debug\wielokat.tlog\link.command.1.tlog
c:\users\vega\downloads\grafika-master\grafika-master\gk1_1\wielokat\debug\wielokat.tlog\link.read.1.tlog
c:\users\vega\downloads\grafika-master\grafika-master\gk1_1\wielokat\debug\wielokat.tlog\link.write.1.tlog
